============================= test session starts ==============================
platform linux -- Python 3.12.3, pytest-8.4.1, pluggy-1.6.0
rootdir: /home/zby/llm/DayDreamingDayDreaming
configfile: pyproject.toml
plugins: anyio-4.10.0
collected 88 items

src/daydreaming_dagster/assets/tests/test_assets_helpers_unit.py ...     [  3%]
src/daydreaming_dagster/assets/tests/test_cohort_id_asset.py ..          [  5%]
src/daydreaming_dagster/assets/tests/test_cohort_membership.py ......    [ 12%]
src/daydreaming_dagster/assets/tests/test_documents_reporting.py .       [ 13%]
src/daydreaming_dagster/assets/tests/test_essay_generation_tasks.py .    [ 14%]
src/daydreaming_dagster/assets/tests/test_parsed_scores_unit.py .        [ 15%]
src/daydreaming_dagster/assets/tests/test_partitions_wiring.py .         [ 17%]
src/daydreaming_dagster/assets/tests/test_results_summary_unit.py ....   [ 21%]
src/daydreaming_dagster/assets/tests/test_utilities_unit.py ...          [ 25%]
src/daydreaming_dagster/config/tests/test_paths_unit.py ..               [ 27%]
src/daydreaming_dagster/models/tests/test_content_combination.py ......  [ 34%]
src/daydreaming_dagster/resources/tests/test_in_memory_io_manager.py ... [ 37%]
...                                                                      [ 40%]
src/daydreaming_dagster/unified/tests/test_stage_inputs.py .....         [ 46%]
src/daydreaming_dagster/unified/tests/test_stage_parsed.py ...           [ 50%]
src/daydreaming_dagster/unified/tests/test_stage_raw.py ..               [ 52%]
src/daydreaming_dagster/unified/tests/test_stage_services_unit.py ...... [ 59%]
..........                                                               [ 70%]
src/daydreaming_dagster/utils/tests/test_cohort_scope.py ..              [ 72%]
src/daydreaming_dagster/utils/tests/test_eval_response_parser.py ....... [ 80%]
....                                                                     [ 85%]
src/daydreaming_dagster/utils/tests/test_evaluation_processing.py ....   [ 89%]
src/daydreaming_dagster/utils/tests/test_evaluation_scores.py .          [ 90%]
src/daydreaming_dagster/utils/tests/test_generation.py .                 [ 92%]
src/daydreaming_dagster/utils/tests/test_ids.py .......                  [100%]

=============================== warnings summary ===============================
.venv/lib/python3.12/site-packages/pydantic/_internal/_config.py:323
  /home/zby/llm/DayDreamingDayDreaming/.venv/lib/python3.12/site-packages/pydantic/_internal/_config.py:323: PydanticDeprecatedSince20: Support for class-based `config` is deprecated, use ConfigDict instead. Deprecated in Pydantic V2.0 to be removed in V3.0. See Pydantic V2 Migration Guide at https://errors.pydantic.dev/2.11/migration/
    warnings.warn(DEPRECATION_MESSAGE, DeprecationWarning)

-- Docs: https://docs.pytest.org/en/stable/how-to/capture-warnings.html
======================== 88 passed, 1 warning in 2.92s =========================
